[2024-03-23 02:54:19,721: INFO: main: Welcome to custom log]
[2024-03-24 01:24:31,626: INFO: common: yaml file: config\config.yaml loaded successfully]
[2024-03-24 01:24:31,638: INFO: common: yaml file: params.yaml loaded successfully]
[2024-03-24 01:24:31,644: INFO: common: created directory at: artifacts]
[2024-03-24 01:24:31,644: INFO: common: created directory at: artifacts/data_ingestion]
[2024-03-24 01:24:31,644: INFO: 986331348: Downloading data from https://drive.google.com/file/d/1vlhZ5c7abUKF8xXERIw6m9Te8fW7ohw3/view?usp=sharing into file artifacts/data_ingestion/data.zip]
[2024-03-24 01:25:38,342: INFO: 986331348: Downloaded data from https://drive.google.com/file/d/1vlhZ5c7abUKF8xXERIw6m9Te8fW7ohw3/view?usp=sharing into file artifacts/data_ingestion/data.zip]
[2024-03-24 04:21:19,616: INFO: main: >>>>>> stage Data Ingestion stage started <<<<<<]
[2024-03-24 04:21:19,625: INFO: common: yaml file: config\config.yaml loaded successfully]
[2024-03-24 04:21:19,628: INFO: common: yaml file: params.yaml loaded successfully]
[2024-03-24 04:21:19,628: INFO: common: created directory at: artifacts]
[2024-03-24 04:21:19,629: INFO: common: created directory at: artifacts/data_ingestion]
[2024-03-24 04:21:19,629: INFO: data_ingestion: Downloading data from https://drive.google.com/file/d/1vlhZ5c7abUKF8xXERIw6m9Te8fW7ohw3/view?usp=sharing into file artifacts/data_ingestion/data.zip]
[2024-03-24 04:22:21,084: INFO: data_ingestion: Downloaded data from https://drive.google.com/file/d/1vlhZ5c7abUKF8xXERIw6m9Te8fW7ohw3/view?usp=sharing into file artifacts/data_ingestion/data.zip]
[2024-03-24 04:22:22,615: INFO: main: >>>>>> stage Data Ingestion stage completed <<<<<<

x==========x]
[2024-04-14 00:58:51,977: INFO: common: yaml file: config\config.yaml loaded successfully]
[2024-04-14 00:58:52,011: INFO: common: yaml file: params.yaml loaded successfully]
[2024-04-14 00:58:52,019: INFO: common: created directory at: artifacts]
[2024-04-14 00:58:52,022: INFO: common: created directory at: artifacts/prepare_base_model]
[2024-04-14 00:59:52,805: WARNING: saving_utils: Compiled the loaded model, but the compiled metrics have yet to be built. `model.compile_metrics` will be empty until you train or evaluate the model.]
[2024-05-02 14:57:34,013: INFO: common: yaml file: config\config.yaml loaded successfully]
[2024-05-02 14:57:34,029: INFO: common: yaml file: params.yaml loaded successfully]
[2024-05-02 14:57:34,034: INFO: common: created directory at: artifacts]
[2024-05-02 15:14:56,349: INFO: common: yaml file: config\config.yaml loaded successfully]
[2024-05-02 15:14:56,363: INFO: common: yaml file: params.yaml loaded successfully]
[2024-05-02 15:14:56,369: INFO: common: created directory at: artifacts]
[2024-05-02 15:17:26,723: INFO: common: yaml file: config\config.yaml loaded successfully]
[2024-05-02 15:17:26,726: INFO: common: yaml file: params.yaml loaded successfully]
[2024-05-02 15:17:26,727: INFO: common: created directory at: artifacts]
[2024-05-02 15:18:14,908: INFO: common: yaml file: config\config.yaml loaded successfully]
[2024-05-02 15:18:14,911: INFO: common: yaml file: params.yaml loaded successfully]
[2024-05-02 15:18:14,912: INFO: common: created directory at: artifacts]
[2024-05-02 15:25:10,200: INFO: common: yaml file: config\config.yaml loaded successfully]
[2024-05-02 15:25:10,202: INFO: common: yaml file: params.yaml loaded successfully]
[2024-05-02 15:25:10,206: INFO: common: created directory at: artifacts]
[2024-05-02 15:25:10,219: INFO: common: created directory at: .]
[2024-05-02 15:25:58,618: INFO: common: yaml file: config\config.yaml loaded successfully]
[2024-05-02 15:25:58,621: INFO: common: yaml file: params.yaml loaded successfully]
[2024-05-02 15:25:58,622: INFO: common: created directory at: artifacts]
[2024-05-02 15:25:58,624: INFO: common: created directory at: .]
[2024-05-02 15:26:08,953: INFO: common: yaml file: config\config.yaml loaded successfully]
[2024-05-02 15:26:08,969: INFO: common: yaml file: params.yaml loaded successfully]
[2024-05-02 15:26:08,969: INFO: common: created directory at: artifacts]
[2024-05-02 15:26:08,969: INFO: common: created directory at: .]
[2024-05-02 15:27:36,587: INFO: common: yaml file: config\config.yaml loaded successfully]
[2024-05-02 15:27:36,590: INFO: common: yaml file: params.yaml loaded successfully]
[2024-05-02 15:27:36,592: INFO: common: created directory at: artifacts]
[2024-05-02 15:27:36,594: INFO: common: created directory at: .]
[2024-05-02 15:29:06,464: INFO: common: yaml file: config\config.yaml loaded successfully]
[2024-05-02 15:29:06,468: INFO: common: yaml file: params.yaml loaded successfully]
[2024-05-02 15:29:06,470: INFO: common: created directory at: artifacts]
[2024-05-02 15:29:06,471: INFO: common: created directory at: .]
[2024-05-02 15:30:05,251: WARNING: save: Found untraced functions such as _jit_compiled_convolution_op, _jit_compiled_convolution_op, _jit_compiled_convolution_op, _jit_compiled_convolution_op, _jit_compiled_convolution_op while saving (showing 5 of 14). These functions will not be directly callable after loading.]
[2024-05-02 15:30:06,572: INFO: builder_impl: Assets written to: .\assets]
[2024-05-02 18:13:22,297: INFO: main: >>>>>> stage Data Ingestion stage started <<<<<<]
[2024-05-02 18:13:22,309: INFO: common: yaml file: config\config.yaml loaded successfully]
[2024-05-02 18:13:22,309: INFO: common: yaml file: params.yaml loaded successfully]
[2024-05-02 18:13:22,309: INFO: common: created directory at: artifacts]
[2024-05-02 18:13:22,309: INFO: common: created directory at: artifacts/data_ingestion]
[2024-05-02 18:13:22,309: INFO: data_ingestion: Downloading data from https://drive.google.com/file/d/1vlhZ5c7abUKF8xXERIw6m9Te8fW7ohw3/view?usp=sharing into file artifacts/data_ingestion/data.zip]
[2024-05-02 18:13:30,444: INFO: data_ingestion: Downloaded data from https://drive.google.com/file/d/1vlhZ5c7abUKF8xXERIw6m9Te8fW7ohw3/view?usp=sharing into file artifacts/data_ingestion/data.zip]
[2024-05-02 18:13:31,965: INFO: main: >>>>>> stage Data Ingestion stage completed <<<<<<

x==========x]
[2024-05-02 18:16:34,071: INFO: main: >>>>>> stage Data Ingestion stage started <<<<<<]
[2024-05-02 18:16:34,071: INFO: common: yaml file: config\config.yaml loaded successfully]
[2024-05-02 18:16:34,071: INFO: common: yaml file: params.yaml loaded successfully]
[2024-05-02 18:16:34,071: INFO: common: created directory at: artifacts]
[2024-05-02 18:16:34,071: INFO: common: created directory at: artifacts/data_ingestion]
[2024-05-02 18:16:34,071: INFO: data_ingestion: Downloading data from https://drive.google.com/file/d/1vlhZ5c7abUKF8xXERIw6m9Te8fW7ohw3/view?usp=sharing into file artifacts/data_ingestion/data.zip]
[2024-05-02 18:16:42,495: INFO: data_ingestion: Downloaded data from https://drive.google.com/file/d/1vlhZ5c7abUKF8xXERIw6m9Te8fW7ohw3/view?usp=sharing into file artifacts/data_ingestion/data.zip]
[2024-05-02 18:16:43,357: INFO: main: >>>>>> stage Data Ingestion stage completed <<<<<<

x==========x]
[2024-05-02 19:39:36,588: INFO: main: >>>>>> stage Data Ingestion stage started <<<<<<]
[2024-05-02 19:39:36,588: INFO: common: yaml file: config\config.yaml loaded successfully]
[2024-05-02 19:39:36,588: INFO: common: yaml file: params.yaml loaded successfully]
[2024-05-02 19:39:36,603: INFO: common: created directory at: artifacts]
[2024-05-02 19:39:36,603: INFO: common: created directory at: artifacts/data_ingestion]
[2024-05-02 19:39:36,603: INFO: data_ingestion: Downloading data from https://drive.google.com/file/d/1vlhZ5c7abUKF8xXERIw6m9Te8fW7ohw3/view?usp=sharing into file artifacts/data_ingestion/data.zip]
[2024-05-02 19:39:43,857: INFO: data_ingestion: Downloaded data from https://drive.google.com/file/d/1vlhZ5c7abUKF8xXERIw6m9Te8fW7ohw3/view?usp=sharing into file artifacts/data_ingestion/data.zip]
[2024-05-02 19:39:45,612: INFO: main: >>>>>> stage Data Ingestion stage completed <<<<<<

x==========x]
[2024-05-02 19:39:45,612: INFO: main: *******************]
[2024-05-02 19:39:45,612: INFO: main: >>>>>> stage Prepare base model started <<<<<<]
[2024-05-02 19:39:45,612: INFO: common: yaml file: config\config.yaml loaded successfully]
[2024-05-02 19:39:45,612: INFO: common: yaml file: params.yaml loaded successfully]
[2024-05-02 19:39:45,612: INFO: common: created directory at: artifacts]
[2024-05-02 19:39:45,628: INFO: common: created directory at: artifacts/prepare_base_model]
[2024-05-02 19:39:46,420: WARNING: saving_utils: Compiled the loaded model, but the compiled metrics have yet to be built. `model.compile_metrics` will be empty until you train or evaluate the model.]
[2024-05-02 19:39:47,626: INFO: main: >>>>>> stage Prepare base model completed <<<<<<

x==========x]
[2024-05-02 19:39:47,626: INFO: main: *******************]
[2024-05-02 19:39:47,626: INFO: main: >>>>>> stage Training started <<<<<<]
[2024-05-02 19:39:47,626: INFO: common: yaml file: config\config.yaml loaded successfully]
[2024-05-02 19:39:47,626: INFO: common: yaml file: params.yaml loaded successfully]
[2024-05-02 19:39:47,626: INFO: common: created directory at: artifacts]
[2024-05-02 19:39:47,626: INFO: common: created directory at: artifacts\training]
[2024-05-02 19:39:48,514: ERROR: main: [WinError 3] Le chemin d’accès spécifié est introuvable: 'artifacts\\data_ingestion\\Chest-CT-Scan-data']
Traceback (most recent call last):
  File "main.py", line 42, in <module>
    model_trainer.main()
  File "c:\users\aziz\desktop\kidney_disease_classification\kidney-disease-classification\src\cnnClassifier\pipeline\stage_03_model_trainer.py", line 20, in main
    training.train_valid_generator()
  File "c:\users\aziz\desktop\kidney_disease_classification\kidney-disease-classification\src\cnnClassifier\components\model_trainer.py", line 38, in train_valid_generator
    self.valid_generator = valid_datagenerator.flow_from_directory(
  File "C:\Users\aziz\miniconda3\envs\kidney\lib\site-packages\keras\preprocessing\image.py", line 1648, in flow_from_directory
    return DirectoryIterator(
  File "C:\Users\aziz\miniconda3\envs\kidney\lib\site-packages\keras\preprocessing\image.py", line 563, in __init__
    for subdir in sorted(os.listdir(directory)):
FileNotFoundError: [WinError 3] Le chemin d’accès spécifié est introuvable: 'artifacts\\data_ingestion\\Chest-CT-Scan-data'
[2024-05-04 15:46:15,743: INFO: main: >>>>>> stage Data Ingestion stage started <<<<<<]
[2024-05-04 15:46:15,749: INFO: common: yaml file: config\config.yaml loaded successfully]
[2024-05-04 15:46:15,759: INFO: common: yaml file: params.yaml loaded successfully]
[2024-05-04 15:46:15,759: INFO: common: created directory at: artifacts]
[2024-05-04 15:46:15,759: INFO: common: created directory at: artifacts/data_ingestion]
[2024-05-04 15:46:15,759: INFO: data_ingestion: Downloading data from https://drive.google.com/file/d/1vlhZ5c7abUKF8xXERIw6m9Te8fW7ohw3/view?usp=sharing into file artifacts/data_ingestion/data.zip]
[2024-05-04 15:53:30,502: INFO: data_ingestion: Downloaded data from https://drive.google.com/file/d/1vlhZ5c7abUKF8xXERIw6m9Te8fW7ohw3/view?usp=sharing into file artifacts/data_ingestion/data.zip]
[2024-05-04 15:53:32,073: INFO: main: >>>>>> stage Data Ingestion stage completed <<<<<<

x==========x]
[2024-05-04 15:53:32,088: INFO: main: *******************]
[2024-05-04 15:53:32,088: INFO: main: >>>>>> stage Prepare base model started <<<<<<]
[2024-05-04 15:53:32,119: INFO: common: yaml file: config\config.yaml loaded successfully]
[2024-05-04 15:53:32,135: INFO: common: yaml file: params.yaml loaded successfully]
[2024-05-04 15:53:32,135: INFO: common: created directory at: artifacts]
[2024-05-04 15:53:32,135: INFO: common: created directory at: artifacts/prepare_base_model]
[2024-05-04 15:53:34,053: WARNING: saving_utils: Compiled the loaded model, but the compiled metrics have yet to be built. `model.compile_metrics` will be empty until you train or evaluate the model.]
[2024-05-04 15:53:36,065: INFO: main: >>>>>> stage Prepare base model completed <<<<<<

x==========x]
[2024-05-04 15:53:36,066: INFO: main: *******************]
[2024-05-04 15:53:36,066: INFO: main: >>>>>> stage Training started <<<<<<]
[2024-05-04 15:53:36,071: INFO: common: yaml file: config\config.yaml loaded successfully]
[2024-05-04 15:53:36,071: INFO: common: yaml file: params.yaml loaded successfully]
[2024-05-04 15:53:36,071: INFO: common: created directory at: artifacts]
[2024-05-04 15:53:36,071: INFO: common: created directory at: artifacts\training]
[2024-05-04 15:54:37,487: INFO: main: >>>>>> stage Training completed <<<<<<

x==========x]
